0 verbose cli /usr/local/bin/node /usr/local/bin/npm
1 info using npm@9.5.1
2 info using node@v18.16.0
3 timing npm:load:whichnode Completed in 1ms
4 timing config:load:defaults Completed in 1ms
5 timing config:load:file:/usr/local/lib/node_modules/npm/npmrc Completed in 0ms
6 timing config:load:builtin Completed in 0ms
7 timing config:load:cli Completed in 1ms
8 timing config:load:env Completed in 1ms
9 timing config:load:file:/Users/inagakimika/Library/Caches/typescript/5.1/.npmrc Completed in 0ms
10 timing config:load:project Completed in 0ms
11 timing config:load:file:/Users/inagakimika/.npmrc Completed in 0ms
12 timing config:load:user Completed in 1ms
13 timing config:load:file:/usr/local/etc/npmrc Completed in 0ms
14 timing config:load:global Completed in 0ms
15 timing config:load:setEnvs Completed in 1ms
16 timing config:load Completed in 5ms
17 timing npm:load:configload Completed in 5ms
18 timing npm:load:mkdirpcache Completed in 0ms
19 timing npm:load:mkdirplogs Completed in 0ms
20 verbose title npm install types-registry@latest
21 verbose argv "install" "--ignore-scripts" "types-registry@latest"
22 timing npm:load:setTitle Completed in 5ms
23 timing config:load:flatten Completed in 2ms
24 timing npm:load:display Completed in 2ms
25 verbose logfile logs-max:10 dir:/Users/inagakimika/.npm/_logs/2023-07-10T04_09_16_841Z-
26 verbose logfile /Users/inagakimika/.npm/_logs/2023-07-10T04_09_16_841Z-debug-0.log
27 timing npm:load:logFile Completed in 2ms
28 timing npm:load:timers Completed in 0ms
29 timing npm:load:configScope Completed in 0ms
30 timing npm:load Completed in 15ms
31 timing arborist:ctor Completed in 0ms
32 silly logfile start cleaning logs, removing 3 files
33 timing idealTree:init Completed in 21ms
34 silly logfile done cleaning log files
35 timing arborist:ctor Completed in 0ms
36 http fetch GET 200 https://registry.npmjs.org/types-registry 127ms (cache revalidated)
37 timing idealTree:userRequests Completed in 130ms
38 silly idealTree buildDeps
39 silly fetch manifest types-registry@0.1.651
40 silly placeDep ROOT types-registry@0.1.651 REPLACE for:  want: 0.1.651
41 timing idealTree:#root Completed in 2ms
42 timing idealTree:node_modules/types-registry Completed in 0ms
43 timing idealTree:buildDeps Completed in 3ms
44 timing idealTree:fixDepFlags Completed in 0ms
45 timing idealTree Completed in 155ms
46 timing reify:loadTrees Completed in 155ms
47 timing reify:diffTrees Completed in 2ms
48 silly reify moves {}
49 timing reify:retireShallow Completed in 1ms
50 timing reify:createSparse Completed in 0ms
51 timing reify:loadBundles Completed in 0ms
52 silly audit bulk request {
52 silly audit   '@types/browser-sync': [ '2.27.0' ],
52 silly audit   '@types/clean-css': [ '4.2.6' ],
52 silly audit   '@types/expect': [ '1.20.4' ],
52 silly audit   '@types/glob-stream': [ '8.0.0' ],
52 silly audit   '@types/gulp': [ '4.0.13' ],
52 silly audit   '@types/gulp-autoprefixer': [ '0.0.34' ],
52 silly audit   '@types/gulp-clean-css': [ '4.3.1' ],
52 silly audit   '@types/gulp-imagemin': [ '8.0.2' ],
52 silly audit   '@types/gulp-plumber': [ '0.0.34' ],
52 silly audit   '@types/gulp-postcss': [ '8.0.3' ],
52 silly audit   '@types/gulp-rename': [ '2.0.2' ],
52 silly audit   '@types/gulp-sass': [ '5.0.1' ],
52 silly audit   '@types/gulp-sourcemaps': [ '0.0.36' ],
52 silly audit   '@types/imagemin': [ '8.0.1' ],
52 silly audit   '@types/imagemin-gifsicle': [ '7.0.1' ],
52 silly audit   '@types/imagemin-mozjpeg': [ '8.0.1' ],
52 silly audit   '@types/imagemin-optipng': [ '5.2.1' ],
52 silly audit   '@types/imagemin-svgo': [ '10.0.2' ],
52 silly audit   '@types/micromatch': [ '2.3.31' ],
52 silly audit   '@types/mime': [ '3.0.1' ],
52 silly audit   '@types/node': [ '20.3.1' ],
52 silly audit   '@types/node-sass': [ '4.11.3' ],
52 silly audit   '@types/parse-glob': [ '3.0.29' ],
52 silly audit   '@types/picomatch': [ '2.3.0' ],
52 silly audit   '@types/serve-static': [ '1.15.1' ],
52 silly audit   '@types/streamx': [ '2.9.1' ],
52 silly audit   '@types/svgo': [ '2.6.4' ],
52 silly audit   '@types/undertaker': [ '1.2.8' ],
52 silly audit   '@types/undertaker-registry': [ '1.0.1' ],
52 silly audit   '@types/vinyl': [ '2.0.7' ],
52 silly audit   '@types/vinyl-fs': [ '3.0.2' ],
52 silly audit   anymatch: [ '3.1.3' ],
52 silly audit   'async-done': [ '1.3.2' ],
52 silly audit   'binary-extensions': [ '2.2.0' ],
52 silly audit   braces: [ '3.0.2' ],
52 silly audit   chokidar: [ '3.5.3' ],
52 silly audit   'end-of-stream': [ '1.4.4' ],
52 silly audit   'fill-range': [ '7.0.1' ],
52 silly audit   fsevents: [ '2.3.2' ],
52 silly audit   'glob-parent': [ '5.1.2' ],
52 silly audit   'is-binary-path': [ '2.1.0' ],
52 silly audit   'is-extglob': [ '2.1.1' ],
52 silly audit   'is-glob': [ '4.0.3' ],
52 silly audit   'is-number': [ '7.0.0' ],
52 silly audit   'normalize-path': [ '3.0.0' ],
52 silly audit   once: [ '1.4.0' ],
52 silly audit   picomatch: [ '2.3.1' ],
52 silly audit   'process-nextick-args': [ '2.0.1' ],
52 silly audit   readdirp: [ '3.6.0' ],
52 silly audit   'source-map': [ '0.6.1' ],
52 silly audit   'stream-exhaust': [ '1.0.2' ],
52 silly audit   'to-regex-range': [ '5.0.1' ],
52 silly audit   wrappy: [ '1.0.2' ],
52 silly audit   'types-registry': [ '0.1.651' ]
52 silly audit }
53 timing reify:unpack Completed in 0ms
54 timing reify:unretire Completed in 0ms
55 timing build:queue Completed in 0ms
56 timing build:deps Completed in 0ms
57 timing build Completed in 0ms
58 timing reify:build Completed in 0ms
59 timing reify:trash Completed in 0ms
60 timing reify:save Completed in 5ms
61 http fetch POST 200 https://registry.npmjs.org/-/npm/v1/security/advisories/bulk 138ms
62 timing auditReport:getReport Completed in 140ms
63 silly audit report {}
64 timing auditReport:init Completed in 0ms
65 timing reify:audit Completed in 140ms
66 timing reify Completed in 300ms
67 timing command:install Completed in 302ms
68 verbose exit 0
69 timing npm Completed in 325ms
70 info ok
