0 verbose cli /usr/local/bin/node /usr/local/lib/node_modules/npm/bin/npm-cli.js
1 info using npm@9.5.1
2 info using node@v18.16.0
3 timing npm:load:whichnode Completed in 0ms
4 timing config:load:defaults Completed in 1ms
5 timing config:load:file:/usr/local/lib/node_modules/npm/npmrc Completed in 1ms
6 timing config:load:builtin Completed in 1ms
7 timing config:load:cli Completed in 0ms
8 timing config:load:env Completed in 0ms
9 timing config:load:file:/Users/inagakimika/Desktop/codeupsæå‡ºç”¨/Inami_codeupsæå‡ºç”¨/.npmrc Completed in 0ms
10 timing config:load:project Completed in 0ms
11 timing config:load:file:/Users/inagakimika/.npmrc Completed in 0ms
12 timing config:load:user Completed in 1ms
13 timing config:load:file:/usr/local/etc/npmrc Completed in 0ms
14 timing config:load:global Completed in 0ms
15 timing config:load:setEnvs Completed in 0ms
16 timing config:load Completed in 4ms
17 timing npm:load:configload Completed in 4ms
18 timing npm:load:mkdirpcache Completed in 0ms
19 timing npm:load:mkdirplogs Completed in 0ms
20 verbose title npm exec gulp
21 verbose argv "exec" "--" "gulp"
22 timing npm:load:setTitle Completed in 5ms
23 timing config:load:flatten Completed in 1ms
24 timing npm:load:display Completed in 1ms
25 verbose logfile logs-max:10 dir:/Users/inagakimika/.npm/_logs/2023-07-09T05_13_41_667Z-
26 verbose logfile /Users/inagakimika/.npm/_logs/2023-07-09T05_13_41_667Z-debug-0.log
27 timing npm:load:logFile Completed in 2ms
28 timing npm:load:timers Completed in 1ms
29 timing npm:load:configScope Completed in 0ms
30 timing npm:load Completed in 13ms
31 silly logfile start cleaning logs, removing 2 files
32 timing arborist:ctor Completed in 0ms
33 silly logfile done cleaning log files
34 http fetch GET 200 https://registry.npmjs.org/gulp 90ms (cache revalidated)
35 timing arborist:ctor Completed in 0ms
36 timing arborist:ctor Completed in 1ms
37 timing arborist:ctor Completed in 0ms
38 http fetch GET 200 https://registry.npmjs.org/npm 250ms (cache updated)
39 timing command:exec Completed in 485ms
40 notice
40 notice New [33mminor[39m version of npm available! [31m9.5.1[39m -> [32m9.8.0[39m
40 notice Changelog: [36mhttps://github.com/npm/cli/releases/tag/v9.8.0[39m
40 notice Run [32mnpm install -g npm@9.8.0[39m to update!
40 notice
41 verbose exit 1
42 timing npm Completed in 504ms
43 verbose code 1
