0 verbose cli /usr/local/bin/node /usr/local/bin/npm
1 info using npm@9.5.1
2 info using node@v18.16.0
3 timing npm:load:whichnode Completed in 1ms
4 timing config:load:defaults Completed in 1ms
5 timing config:load:file:/usr/local/lib/node_modules/npm/npmrc Completed in 0ms
6 timing config:load:builtin Completed in 0ms
7 timing config:load:cli Completed in 1ms
8 timing config:load:env Completed in 0ms
9 timing config:load:file:/Users/inagakimika/Library/Caches/typescript/5.1/.npmrc Completed in 0ms
10 timing config:load:project Completed in 0ms
11 timing config:load:file:/Users/inagakimika/.npmrc Completed in 0ms
12 timing config:load:user Completed in 1ms
13 timing config:load:file:/usr/local/etc/npmrc Completed in 0ms
14 timing config:load:global Completed in 0ms
15 timing config:load:setEnvs Completed in 0ms
16 timing config:load Completed in 3ms
17 timing npm:load:configload Completed in 3ms
18 timing npm:load:mkdirpcache Completed in 0ms
19 timing npm:load:mkdirplogs Completed in 0ms
20 verbose title npm install @types/browser-sync@ts5.1 @types/gulp@ts5.1 @types/gulp-autoprefixer@ts5.1 @types/gulp-clean-css@ts5.1 @types/gulp-imagemin@ts5.1 @types/gulp-plumber@ts5.1 @types/gulp-postcss@ts5.1 @types/gulp-rename@ts5.1 @types/gulp-sass@ts5.1 @types/gulp-sourcemaps@ts5.1 @types/imagemin-mozjpeg@ts5.1 @types/imagemin-svgo@ts5.1
21 verbose argv "install" "--ignore-scripts" "@types/browser-sync@ts5.1" "@types/gulp@ts5.1" "@types/gulp-autoprefixer@ts5.1" "@types/gulp-clean-css@ts5.1" "@types/gulp-imagemin@ts5.1" "@types/gulp-plumber@ts5.1" "@types/gulp-postcss@ts5.1" "@types/gulp-rename@ts5.1" "@types/gulp-sass@ts5.1" "@types/gulp-sourcemaps@ts5.1" "@types/imagemin-mozjpeg@ts5.1" "@types/imagemin-svgo@ts5.1" "--save-dev" "--user-agent" "typesInstaller/5.1.3"
22 timing npm:load:setTitle Completed in 7ms
23 timing config:load:flatten Completed in 3ms
24 timing npm:load:display Completed in 4ms
25 verbose logfile logs-max:10 dir:/Users/inagakimika/.npm/_logs/2023-07-10T03_56_47_364Z-
26 verbose logfile /Users/inagakimika/.npm/_logs/2023-07-10T03_56_47_364Z-debug-0.log
27 timing npm:load:logFile Completed in 4ms
28 timing npm:load:timers Completed in 0ms
29 timing npm:load:configScope Completed in 0ms
30 timing npm:load Completed in 19ms
31 timing arborist:ctor Completed in 0ms
32 silly logfile start cleaning logs, removing 1 files
33 silly logfile done cleaning log files
34 timing idealTree:init Completed in 20ms
35 timing arborist:ctor Completed in 1ms
36 http fetch GET 200 https://registry.npmjs.org/@types%2fimagemin-mozjpeg 119ms (cache revalidated)
37 http fetch GET 200 https://registry.npmjs.org/@types%2fbrowser-sync 124ms (cache revalidated)
38 http fetch GET 200 https://registry.npmjs.org/@types%2fgulp-sass 127ms (cache revalidated)
39 http fetch GET 200 https://registry.npmjs.org/@types%2fgulp 140ms (cache updated)
40 http fetch GET 200 https://registry.npmjs.org/@types%2fgulp-imagemin 450ms (cache revalidated)
41 http fetch GET 200 https://registry.npmjs.org/@types%2fimagemin-svgo 928ms (cache revalidated)
42 http fetch GET 200 https://registry.npmjs.org/@types%2fgulp-sourcemaps 1289ms (cache revalidated)
43 http fetch GET 200 https://registry.npmjs.org/@types%2fgulp-autoprefixer 1291ms (cache revalidated)
44 http fetch GET 200 https://registry.npmjs.org/@types%2fgulp-clean-css 1294ms (cache revalidated)
45 http fetch GET 200 https://registry.npmjs.org/@types%2fgulp-postcss 1296ms (cache revalidated)
46 http fetch GET 200 https://registry.npmjs.org/@types%2fgulp-plumber 1313ms (cache revalidated)
47 http fetch GET 200 https://registry.npmjs.org/@types%2fgulp-rename 1333ms (cache revalidated)
48 timing idealTree:userRequests Completed in 1339ms
49 silly idealTree buildDeps
50 silly fetch manifest @types/browser-sync@2.27.0
51 silly fetch manifest @types/gulp@4.0.13
52 silly fetch manifest @types/gulp-autoprefixer@0.0.34
53 silly fetch manifest @types/gulp-clean-css@4.3.1
54 silly fetch manifest @types/gulp-imagemin@8.0.2
55 silly fetch manifest @types/gulp-plumber@0.0.34
56 silly fetch manifest @types/gulp-postcss@8.0.3
57 silly fetch manifest @types/gulp-rename@2.0.2
58 silly fetch manifest @types/gulp-sass@5.0.1
59 silly fetch manifest @types/gulp-sourcemaps@0.0.36
60 silly fetch manifest @types/imagemin-mozjpeg@8.0.1
61 silly fetch manifest @types/imagemin-svgo@10.0.2
62 silly placeDep ROOT @types/browser-sync@2.27.0 REPLACE for:  want: 2.27.0
63 silly placeDep ROOT @types/gulp@4.0.13 REPLACE for:  want: 4.0.13
64 silly placeDep ROOT @types/gulp-autoprefixer@0.0.34 REPLACE for:  want: 0.0.34
65 silly placeDep ROOT @types/gulp-clean-css@4.3.1 REPLACE for:  want: 4.3.1
66 silly placeDep ROOT @types/gulp-imagemin@8.0.2 REPLACE for:  want: 8.0.2
67 silly placeDep ROOT @types/gulp-plumber@0.0.34 REPLACE for:  want: 0.0.34
68 silly placeDep ROOT @types/gulp-postcss@8.0.3 REPLACE for:  want: 8.0.3
69 silly placeDep ROOT @types/gulp-rename@2.0.2 REPLACE for:  want: 2.0.2
70 silly placeDep ROOT @types/gulp-sass@5.0.1 REPLACE for:  want: 5.0.1
71 silly placeDep ROOT @types/gulp-sourcemaps@0.0.36 REPLACE for:  want: 0.0.36
72 silly placeDep ROOT @types/imagemin-mozjpeg@8.0.1 REPLACE for:  want: 8.0.1
73 silly placeDep ROOT @types/imagemin-svgo@10.0.2 REPLACE for:  want: 10.0.2
74 timing idealTree:#root Completed in 17ms
75 timing idealTree:node_modules/@types/browser-sync Completed in 0ms
76 timing idealTree:node_modules/@types/gulp Completed in 0ms
77 timing idealTree:node_modules/@types/gulp-autoprefixer Completed in 0ms
78 timing idealTree:node_modules/@types/gulp-clean-css Completed in 0ms
79 timing idealTree:node_modules/@types/gulp-imagemin Completed in 0ms
80 timing idealTree:node_modules/@types/gulp-plumber Completed in 0ms
81 timing idealTree:node_modules/@types/gulp-postcss Completed in 0ms
82 timing idealTree:node_modules/@types/gulp-rename Completed in 0ms
83 timing idealTree:node_modules/@types/gulp-sass Completed in 0ms
84 timing idealTree:node_modules/@types/gulp-sourcemaps Completed in 0ms
85 timing idealTree:node_modules/@types/imagemin-mozjpeg Completed in 0ms
86 timing idealTree:node_modules/@types/imagemin-svgo Completed in 0ms
87 timing idealTree:buildDeps Completed in 19ms
88 timing idealTree:fixDepFlags Completed in 0ms
89 timing idealTree Completed in 1379ms
90 timing reify:loadTrees Completed in 1379ms
91 timing reify:diffTrees Completed in 1ms
92 silly reify mark retired [
92 silly reify   '/Users/inagakimika/Library/Caches/typescript/5.1/node_modules/@types/gulp'
92 silly reify ]
93 silly reify moves {
93 silly reify   '/Users/inagakimika/Library/Caches/typescript/5.1/node_modules/@types/gulp': '/Users/inagakimika/Library/Caches/typescript/5.1/node_modules/@types/.gulp-oIkKaXa8'
93 silly reify }
94 timing reify:retireShallow Completed in 2ms
95 timing reify:createSparse Completed in 1ms
96 timing reify:loadBundles Completed in 0ms
97 silly audit bulk request {
97 silly audit   '@types/clean-css': [ '4.2.6' ],
97 silly audit   '@types/expect': [ '1.20.4' ],
97 silly audit   '@types/glob-stream': [ '8.0.0' ],
97 silly audit   '@types/imagemin': [ '8.0.1' ],
97 silly audit   '@types/imagemin-gifsicle': [ '7.0.1' ],
97 silly audit   '@types/imagemin-optipng': [ '5.2.1' ],
97 silly audit   '@types/micromatch': [ '2.3.31' ],
97 silly audit   '@types/mime': [ '3.0.1' ],
97 silly audit   '@types/node': [ '20.3.1' ],
97 silly audit   '@types/node-sass': [ '4.11.3' ],
97 silly audit   '@types/parse-glob': [ '3.0.29' ],
97 silly audit   '@types/picomatch': [ '2.3.0' ],
97 silly audit   '@types/serve-static': [ '1.15.1' ],
97 silly audit   '@types/streamx': [ '2.9.1' ],
97 silly audit   '@types/svgo': [ '2.6.4' ],
97 silly audit   '@types/undertaker': [ '1.2.8' ],
97 silly audit   '@types/undertaker-registry': [ '1.0.1' ],
97 silly audit   '@types/vinyl': [ '2.0.7' ],
97 silly audit   '@types/vinyl-fs': [ '3.0.2' ],
97 silly audit   anymatch: [ '3.1.3' ],
97 silly audit   'async-done': [ '1.3.2' ],
97 silly audit   'binary-extensions': [ '2.2.0' ],
97 silly audit   braces: [ '3.0.2' ],
97 silly audit   chokidar: [ '3.5.3' ],
97 silly audit   'end-of-stream': [ '1.4.4' ],
97 silly audit   'fill-range': [ '7.0.1' ],
97 silly audit   fsevents: [ '2.3.2' ],
97 silly audit   'glob-parent': [ '5.1.2' ],
97 silly audit   'is-binary-path': [ '2.1.0' ],
97 silly audit   'is-extglob': [ '2.1.1' ],
97 silly audit   'is-glob': [ '4.0.3' ],
97 silly audit   'is-number': [ '7.0.0' ],
97 silly audit   'normalize-path': [ '3.0.0' ],
97 silly audit   once: [ '1.4.0' ],
97 silly audit   picomatch: [ '2.3.1' ],
97 silly audit   'process-nextick-args': [ '2.0.1' ],
97 silly audit   readdirp: [ '3.6.0' ],
97 silly audit   'source-map': [ '0.6.1' ],
97 silly audit   'stream-exhaust': [ '1.0.2' ],
97 silly audit   'to-regex-range': [ '5.0.1' ],
97 silly audit   'types-registry': [ '0.1.651' ],
97 silly audit   wrappy: [ '1.0.2' ],
97 silly audit   '@types/browser-sync': [ '2.27.0' ],
97 silly audit   '@types/gulp': [ '4.0.13' ],
97 silly audit   '@types/gulp-autoprefixer': [ '0.0.34' ],
97 silly audit   '@types/gulp-clean-css': [ '4.3.1' ],
97 silly audit   '@types/gulp-imagemin': [ '8.0.2' ],
97 silly audit   '@types/gulp-plumber': [ '0.0.34' ],
97 silly audit   '@types/gulp-postcss': [ '8.0.3' ],
97 silly audit   '@types/gulp-rename': [ '2.0.2' ],
97 silly audit   '@types/gulp-sass': [ '5.0.1' ],
97 silly audit   '@types/gulp-sourcemaps': [ '0.0.36' ],
97 silly audit   '@types/imagemin-mozjpeg': [ '8.0.1' ],
97 silly audit   '@types/imagemin-svgo': [ '10.0.2' ]
97 silly audit }
98 silly tarball no local data for @types/gulp@https://registry.npmjs.org/@types/gulp/-/gulp-4.0.13.tgz. Extracting by manifest.
99 http fetch GET 200 https://registry.npmjs.org/@types/gulp/-/gulp-4.0.13.tgz 42ms (cache miss)
100 timing reifyNode:node_modules/@types/gulp Completed in 46ms
101 timing reify:unpack Completed in 46ms
102 timing reify:unretire Completed in 1ms
103 timing build:queue Completed in 0ms
104 timing build:deps Completed in 0ms
105 timing build Completed in 0ms
106 timing reify:build Completed in 0ms
107 timing reify:trash Completed in 1ms
108 timing reify:save Completed in 8ms
109 http fetch POST 200 https://registry.npmjs.org/-/npm/v1/security/advisories/bulk 136ms
110 timing auditReport:getReport Completed in 138ms
111 silly audit report {}
112 timing auditReport:init Completed in 0ms
113 timing reify:audit Completed in 138ms
114 timing reify Completed in 1524ms
115 silly CHANGE node_modules/@types/gulp
116 timing command:install Completed in 1529ms
117 verbose exit 0
118 timing npm Completed in 1551ms
119 info ok
